4970
2675
8285
15680
16955
1145
16772497
7010
16955
23075
17465
2675
16774537
16775302
4970
13895
19505
18740
14150
24605
37356
31490
22055
19250
21290
18995
10325
16775557
16770967
16771477
16777087
6245
4715
16769692
16758472
16763062
16772242
2420
8795
9050
5225
2420
8285
13895
19505
18485
9305
2675
4715
8285
15170
17975
12365
6245
16773007
16764847
16771732
5225
14660
19250
16700
13895
22055
30725
30470
27155
25880
22055
18995
22310
25880
25370
11600
1655
16773007
16769947
16770712
16768417
16765612
16764082
16769947
1910
16776322
16762807
16750057
16741131
16746997
16756432
16748527
16738326
16746232
16750057
16747252
16738326
16729401
16725576
16725576
16725321
16724811
16722261
16722516
16723791
16734501
16754647
16761532
16756687
16748272
16742916
340680
16746232
16752352
16754137
16747252
16742916
16747507
16754137
16756432
16761532
16767142
16769947
16767142
16768417
16770457
16770967
16777087
2930
10325
22055
26645
16955
5480
2420
10325
17975
10070
635
4460
17465
25880
28685
30980
29195
26135
25625
21290
23585
30215
35061
42201
45771
35061
29450
26645
27410
34296
34296
16955
8540
16955
20780
22310
23585
29195
33531
33276
29450
24860
27155
37356
49596
52146
42966
35571
33021
34296
38886
33021
23075
23585
26135
29960
34041
27920
20525
18995
20780
24605
17720
6245
7265
12875
23585
29450
21800
14660
17465
19505
21035
22565
19760
13130
9815
8795
12365
14405
11600
10070
9305
10835
11345
8540
13385
17975
23330
26900
18740
7520
13640
21035
9560
1400
16774282
16764847
16775302
18995
31490
35061
37101
33531
13895
16775557
16769692
16771987
16776832
16759747
16745722
16774027
26900
40416
43986
24860
17720
23585
6755
16775557
4970
18995
34296
29960
10580
9305
30980
37611
26900
13385
16771987
16764082
16773772
10580
22820
18740
13640
10070
15170
31490
42711
8389120
211
31490
14660
14660
24860
22565
17720
25115
35316
31235
23585
19505
17465
18485
17465
3185
16771477
16770712
16766632
16765867
16768417
16773772
16774027
16772242
16774282
1655
10580
19505
22310
19250
17975
22565
28940
35061
34041
33786
35061
35826
43986
49596
31745
12365
8285
4715
16775812
2675
15425
23840
23075
21035
28685
37866
39396
37611
34041
31235
30215
29960
35061
39906
42201
35061
31745
27410
28685
31745
24860
13895
9305
10580
11090
11345
10070
10070
13385
13385
23075
30215
26645
25115
29705
26645
22055
15170
9560
16775812
16762807
16758727
16764337
16770712
16768162
16763572
16767397
16775557
16774282
16765612
16764337
16768417
16764847
16765612
16767142
16764082
16764337
16769947
16775302
3440
5735
1400
16775557
16773772
16774792
380
4715
7265
380
16769947
16774537
4205
11600
13385
16445
21035
16955
11600
13385
16445
14405
12365
7265
2165
7010
12875
13130
15425
26390
34296
30980
26645
23585
24605
23840
16955
11090
14150
21035
29450
35061
35826
37356
30215
21800
25370
30470
25625
27410
35571
38121
33531
17210
6755
10580
12875
21035
26390
27155
38631
53421
47556
41691
36336
33531
29195
16955
13130
20780
34296
39651
36081
34551
34041
34041
25625
13895
15680
27410
37866
28940
18485
15170
17465
18230
12620
9815
15425
16700
11090
12875
11090
9305
10835
4715
16774537
635
16774792
16767397
16768162
16769947
16773772
16776067
16774537
16771987
16773772
1655
3440
16776067
16770967
5480
21545
21545
9815
4460
12875
21800
17465
1655
16774792
10325
23075
23585
13385
6245
13640
23840
19505
8285
2165
16775812
380
1145
5225
14150
17720
15170
10835
5225
4460
10580
16700
7265
635
4970
8795
7265
8540
13895
18995
21035
25370
27665
21290
11345
5735
2420
3185
1145
16772752
16772497
16776577
8795
12875
15680
16700
16445
21290
23330
17720
10325
16445
19760
22820
22565
18740
16445
13130
13640
17975
17210
14150
17720
26645
27155
12875
3185
6245
12620
20780
22055
19250
18740
21035
23585
25625
22820
19250
14405
15680
20525
24605
24860
18995
15680
16445
18230
19250
18740
15425
12875
4970
890
6245
17465
25625
25115
21800
26135
27665
25370
25115
24605
18995
14660
13895
11090
7010
9560
18995
22565
9560
16774537
16768417
16769692
16774282
4205
12365
8795
2675
6755
21290
35316
29195
11345
2420
9560
21545
17975
338957
5735
1400
1910
8540
10580
8540
4205
1145
16775302
125
6500
8285
8795
12365
16445
18740
17720
15170
13895
13895
10580
8795
1910
16773007
380
4460
16776322
16775302
16776577
16774537
16772752
16772242
16768672
196564
16768417
16776322
16775557
16770712
16767907
16764592
16764592
16764847
16763062
16764082
16763827
16760767
16764082
16767142
16768927
16768417
16762297
16756177
16761532
16769947
16771477
16772242
5990
14405
8285
16776067
16775812
16776832
16775302
16775812
635
1655
1910
380
3185
6245
2420
16772752
16768162
16770457
16774282
16771222
16770967
16777087
6755
7010
125
16776067
3440
1400
16773007
16774282
3185
10325
9050
8540
13895
17720
16700
8285
2930
10325
7010
16776067
16769947
16769947
16776577
7010
13385
17465
17465
14660
12620
18740
29195
31235
26645
26135
25880
23075
18485
15170
10835
11600
19505
29450
34296
37356
38376
34551
30470
34296
39141
39396
46281
50871
49596
45771
47811
51126
53421
55461
56736
56226
60561
66170
70505
73820
69740
64896
62856
68465
74840
72035
70505
70505
67700
65660
60561
55716
51381
53931
65660
74075
76115
82745
95495
107226
103656
88610
79430
78665
79430
76625
66680
54441
46536
49596
55716
56736
51126
49596
49851
46281
41181
37356
35316
39906
43476
35061
25625
22310
26645
44496
63621
72800
75350
78665
86825
94475
95750
90650
83000
74330
66170
62091
58011
53931
48066
41691
34296
29450
25880
23840
24605
26390
29450
34041
36336
41691
44496
36336
27665
28940
33021
27665
22055
21800
22820
19760
18995
22055
24605
23840
22820
22565
25370
19505
10325
6500
10325
13640
10580
12365
18485
21290
20780
13130
4460
5735
8285
4205
2675
2930
16775047
16775812
5735
10580
5735
16776832
380
3185
2930
6245
11090
8285
16775812
16762552
16751842
16752607
16759747
16757452
16762807
9815
23330
17465
7265
14150
26645
36081
42711
45771
57756
70760
80705
85295
83510
78410
64896
50871
33786
16700
13130
22310
33276
38886
38376
38631
48066
55716
48066
43986
48576
50871
39396
27410
26390
23585
23075
21545
12365
5480
1910
16775302
16771732
16768162
16765867
16769947
16771732
16770202
16764592
16757707
16752097
16749292
16751332
16753372
16743426
16733481
16727616
16723281
16721241
16728891
16736796
16737816
16737561
16735266
16737051
16739856
16744447
16745722
16736031
16724556
16724811
16725066
16717416
16716906
16723026
16733226
16746742
16752607
16753627
16753882
16755922
16760002
16759492
16762297
16768417
16770712
16764847
16762042
16766632
16770457
16770967
16775302
125
16774792
16774282
16768927
16771987
125
16776322
16767652
16759747
16753627
16746997
16743426
16750822
16768927
8285
10580
2930
3440
14660
18740
14150
12620
18740
25625
33786
37866
27155
18995
20780
19505
7010
16770202
16767652
16771732
16769692
16766632
16774027
6755
13895
16700
4715
16772497
3185
21545
29705
20780
13130
15425
22310
29450
27410
21035
13640
13130
13895
5735
4715
7520
4205
5735
6755
7265
12365
13895
11600
12365
10835
14405
23075
30215
23330
17975
16700
13385
13895
17465
13895
7265
1145
16774027
16776577
4205
4460
2165
16774792
16771732
16776832
4715
7520
4970
4460
2675
16770967
16765612
196564
16765867
16761787
16758727
16759492
16760257
16764337
16768672
16770967
16775047
16775812
16774537
16775302
16775557
2165
4205
4715
4460
1655
380
16775302
16776322
635
16771732
16758982
16751842
16749802
16752097
8389375
212
16753372
16750312
16756687
16766887
16769947
16774027
16771477
196564
16750567
16740876
16746997
16759237
16767397
16771477
16768162
16763827
16766632
16769947
16762042
8389375
212
16764082
16772752
16763062
16756432
16763572
16774792
9560
15170
14660
10325
9305
338808
12620
17210
15170
11345
7010
5480
17720
38886
53931
54441
49596
47301
55461
64641
64641
58266
48066
50106
55206
52401
45771
40416
42456
8389120
211
36336
25625
17975
19250
25880
24860
18230
8285
16775302
16768672
16766632
16762042
16754392
16747762
16738581
16731441
16728636
16731186
16732971
16727106
16726341
16725831
16725576
16724556
16723281
16722261
16723026
16723026
16716906
16709512
16708492
16708237
16710532
16710787
16706197
16701352
16701862
16706197
16715121
16727871
16731696
16725576
16727616
16738581
16748272
16751842
16749292
16739856
16738071
16746742
16753627
16754137
16749802
16746232
16742661
16746487
16753627
16755157
16754647
16758217
16758727
16759492
16763572
16769947
16772497
16769692
16766887
16770712
16773007
16773772
16773772
1655
13640
19250
7010
2420
9305
13385
13640
10325
4205
125
380
2420
4205
2930
16774792
16771477
16774537
3185
7265
890
16772242
16773007
2420
11600
20525
21800
13640
11090
18485
21800
21035
18740
10835
2165
16776067
635
7010
12620
8795
5225
9050
8285
6245
5990
4970
5735
5735
1655
16776067
16776322
4715
13640
18230
8795
16774027
16777087
17975
27920
24605
16955
12365
9560
10580
14405
18485
17975
10325
2420
890
2165
7010
12875
16955
25370
35316
36081
31745
34296
37356
34551
34041
33021
26900
26390
38631
46536
46791
44241
50871
60306
59796
52146
47301
49851
50106
46791
45261
47811
51381
53676
48321
41181
35316
33021
26135
19250
22055
25880
25880
23840
23840
25115
21800
19505
18485
18230
18230
16955
17720
14915
13640
16700
14150
13130
13895
6755
16774027
16768162
16768417
16763827
16757707
16756432
16762807
16768162
16771732
16774282
16775812
890
1910
1400
4715
5990
2165
16774027
16769692
16767907
16769947
16769947
16771222
16774537
16774027
16770202
16772497
1152
17465
13130
12365
14660
17975
14150
2930
16775557
2930
8285
2675
16774027
16770967
16776832
7010
9305
6500
2675
9815
24860
26390
17465
8540
5480
12620
16955
16700
13385
14405
17975
17720
21035
26390
26645
23840
20525
19505
20525
29960
37611
33276
23585
18740
21800
29450
29960
22055
19250
23075
29705
33786
38121
46281
43476
31490
23075
25880
25625
21800
22820
26390
27410
31745
39906
41181
37101
30980
26135
29195
37866
36081
27665
26900
36336
8389120
211
42201
31490
26390
27665
30980
30470
30980
38631
45771
51126
54441
58011
58266
56736
57756
52401
49851
50361
53421
58011
64896
68975
66680
61836
59286
63876
66425
58521
47301
40161
37101
42201
49851
49341
39906
33531
33531
33531
39651
49341
46281
40416
38886
43476
55206
55971
8389120
211
28940
23330
22310
18995
12875
2675
16771732
16771987
4460
6500
16776832
16776067
16776067
4970
18995
32000
43476
40416
28685
14915
11345
21290
29195
24860
14915
14150
26900
39906
39396
37101
35061
34806
38886
40416
27665
15680
14660
20780
23075
21800
21290
24605
26135
27920
30980
35571
39396
31745
14915
2420
16775812
3185
11345
16445
14660
15425
17720
17975
15170
12875
11090
15170
9305
16774537
16769947
16776577
5225
8540
16776832
16769947
16777087
10325
5990
16774282
16767652
16760767
16760512
16764337
16770967
1400
4715
5735
10325
17465
18995
16700
13895
14405
17720
19250
17210
20525
22820
16955
8795
5735
3440
16776322
16770712
16767142
16764592
16768417
16776067
4715
16776832
16763827
16757452
16757707
16759492
16763062
16767142
16772242
16774792
2165
1400
16770712
16767142
16771477
16772752
16774792
1655
4715
6500
11600
21290
30215
22820
14405
10070
4460
16776322
2165
7520
10835
14150
14150
14405
22820
41181
45771
37611
27920
18995
8285
16777087
343366
5225
13130
14405
14660
14150
13130
11600
8540
4715
1910
125
1910
5990
12875
23585
28685
24860
17720
17720
16955
17210
18485
21800
29705
32000
22565
10070
3185
16777087
16776577
16768162
16760002
16769947
9305
9305
3185
635
16775812
16776577
16777087
2165
10325
16700
8540
8795
22820
29705
18485
16776577
16763572
16763317
16765612
16766887
16776577
3440
7520
7010
4970
8540
18485
19250
6755
16777087
125
7265
13130
20525
21035
16955
13130
11090
12620
13895
13895
11090
7265
9305
13895
13385
8285
16445
24605
25880
34041
38376
33021
30470
34296
38376
35316
33786
37101
43221
41436
29705
21035
26900
40416
47301
48066
47301
43476
42966
48576
49341
38631
22055
13895
17465
24605
29195
25115
18485
18230
18740
9815
16771222
16758982
16758472
16764847
16764082
16771732
890
125
16771987
16769947
16768927
16765612
16754137
16743681
16745977
16747762
16749802
16754392
16759492
16765867
16772497
16774792
16772497
16769947
16772242
16772752
196564
16765867
16774282
1145
7265
11345
4970
16775812
2420
5480
16776067
16766632
16768417
890
4715
3440
2420
2675
16777087
16776067
16771987
16757452
16745722
16750567
16758982
16766887
16775812
1400
16774537
16769947
16764082
16763062
16764082
16763317
16763062
16763827
16763572
16768672
16777087
10580
14660
6755
16772242
16767652
16768672
16767142
16762297
16755922
16751842
16749547
16750567
16754137
16754902
16757962
16766632
16774027
16774537
16767907
16759492
16756177
16754902
16753372
16750057
16745467
16748527
16762807
380
5990
1400
16775302
16771732
16764337
16758472
16755922
16753372
16750822
16742406
16735011
16733226
16737561
16741386
16743936
16742916
16736031
16729656
16729656
16738326
16747252
16747252
16746742
16745467
16746742
16745467
16741641
16743936
16750567
16751077
16749547
16746232
16746232
16749292
16750057
16752607
16757962
16763827
196564
16763062
16759747
16761532
16764847
16771732
16775302
16767397
16763062
16774537
9815
11090
7265
10580
13640
13640
18740
19505
10580
2420
16776067
16774027
16768162
16769947
16774537
16774537
16774537
16776832
3185
8540
16445
23330
29195
28685
24605
29705
41691
47301
50106
53676
53676
46281
42201
47811
57756
58776
51126
42456
39651
42456
44241
47046
50106
51891
52401
53676
54696
53676
56481
59031
55716
51126
47301
45771
45771
47556
49851
51381
52656
51636
46281
46026
48576
53421
58011
56481
47811
39141
35061
34551
33786
34041
39651
37101
28940
27665
33531
42456
131283
58266
49596
44241
50616
52146
44241
39651
35571
33531
36336
39651
45261
51126
53421
52146
50616
43476
30470
17720
12365
15680
22565
26645
31235
37866
44496
47811
46791
45261
45516
43986
37611
29705
27155
26900
22565
18485
19505
23330
25370
25370
28940
38886
39651
38631
43986
51381
47046
38886
45771
60306
67955
67445
60816
51891
45771
39906
30470
19505
12365
12875
19250
25115
30215
30725
25115
22055
23330
25115
23075
17975
13130
8795
7265
10325
14660
16955
18740
10835
16771732
16766632
1400
7010
16775302
16767142
16765867
16764592
16762552
16763062
16764592
16764592
16762042
16755667
16753882
16760512
16774537
10325
21290
34806
39141
26645
17720
25370
34806
25880
10580
380
16768672
16764082
16772497
4715
6755
3185
635
16770967
16758472
16752097
16759492
16762042
16755667
16755157
16759747
16758982
16762552
16774792
8540
4715
16775812
1145
9050
13640
7265
125
5735
10835
1400
16765612
16768672
6500
11345
9560
3185
16774027
16773007
5480
6755
1655
16769947
16763062
16768927
6245
16445
18230
20780
22820
29195
33021
27155
17465
11090
18995
22565
12620
7520
13130
21035
24860
38886
50361
46281
42966
43221
42966
53676
66170
68720
344694
65915
66425
65915
65660
66425
64896
74075
80705
90395
99576
103401
105441
119721
128901
121761
112581
111561
104676
88100
90140
110796
124566
124821
121251
107736
103656
118191
127881
119211
104421
97280
96515
99066
99831
93455
87080
78155
68465
57501
49596
50106
49596
42456
36081
33276
31235
29705
29960
30725
22820
11345
9305
7520
6500
6245
1655
16764082
16748017
16745977
16752607
16757962
16757452
16752607
16746232
16739091
16735776
16738071
16747507
16748017
16735266
16729146
16729911
16731951
16733481
16731696
16730676
16726596
16725321
16729401
16731441
16727871
16716651
16708747
16718946
16734246
16734756
16723536
16717671
16719456
16722006
16722261
16718436
16714611
16717671
16712571
16698037
16705942
16722006
16725321
16719456
16718691
16726086
16731441
16729146
16726341
16725831
16731696
16739601
16746487
16753882
16755667
16759237
16763062
16760767
16776322
5735
16767907
16751332
16754392
16771477
380
16768672
890
11345
8540
4715
7010
12620
18995
19760
7265
16769692
16765612
16771732
16776577
16776322
16775812
16775047
2420
8795
10325
13130
11345
9560
12875
15425
14660
14405
17465
24860
31490
31490
27410
21035
15680
12620
9050
12365
19250
21035
23585
33786
33276
27155
22820
23075
27665
30470
26390
21800
21290
30725
39651
39906
40161
45516
51381
52146
52401
50616
43221
37611
35061
35316
40416
39906
26390
18485
23840
31235
30470
23840
19505
19505
16445
9815
5480
5225
14150
23075
18995
13895
13130
18230
26135
29705
26900
21545
10580
4205
890
1145
4460
10070
14405
13895
13640
14150
13895
11600
9305
12365
13130
8285
2675
2930
14405
29195
34551
31235
29195
27155
26900
23840
23075
19505
13130
10835
9815
14915
13130
6755
12365
15170
14150
5735
16773007
16771987
3185
7265
2675
890
16776832
16774792
1145
7520
9305
4460
380
16771987
16776322
10070
9815
1655
16776067
16777087
635
16776832
2165
4970
125
16769947
16766377
16768417
16768672
16774282
16776067
16770457
16758982
16763062
380
4460
16774792
16764847
16758982
16760767
16771732
6500
9560
10070
16955
21545
26135
25370
15425
6245
14150
17465
1400
16767142
16772497
16774282
16774792
16775812
16777087
125
5225
14660
9305
16775047
16772752
1400
4970
4205
4205
1400
16771222
16766377
196564
16767142
16767652
196564
16764337
16768672
1910
9560
10325
7265
9050
4460
16767907
16763827
16773007
10070
16445
23585
31745
31235
29195
22820
21800
21035
12875
11600
11345
14150
22055
25115
19505
4970
1910
5480
8285
9305
14915
33531
53676
53421
43221
34296
19760
14915
18740
15680
2420
16771732
5735
13895
4970
1400
17975
31745
8389120
211
41436
33021
30215
28685
29705
30470
18740
16700
14405
9305
12620
36336
48321
38886
29960
31490
37356
37101
34296
34041
38376
37101
37866
40161
38631
29195
25880
37866
51381
47556
34551
43476
67445
79175
66935
50871
37101
22820
23330
35316
37611
19250
2165
6755
22310
31490
31745
25115
25370
22565
14405
13385
21800
25370
17210
10325
10325
15680
26135
27410
31235
38886
31235
13640
16776577
16776322
13385
28940
35061
22565
13130
28685
39141
18995
16776067
5735
30470
38121
20780
15170
39906
46791
41946
39141
39651
37101
37101
35826
39906
54441
71780
56481
30725
14660
5735
11090
16777087
16759492
16755667
2420
28685
18230
4715
16764082
16759237
16754902
16767652
2420
16774537
9305
34806
9305
16751587
16770457
22820
7265
16770457
16775557
16772752
16757962
16765867
31235
47301
26645
3185
16752097
16723791
16745977
24860
56736
35061
39141
77135
80450
41946
34551
8389120
211
57501
55206
344914
37101
1655
4460
66170
107736
121506
126096
83255
35316
37866
70760
90905
91925
79430
58266
29195
11090
34296
45516
41691
30215
17210
22055
34551
45516
60816
64131
35571
16769692
16754392
16770712
8285
11345
26390
41946
33021
16771987
16768162
14405
10070
16748017
16717416
16726341
16751332
16776067
5735
16771987
16767397
196564
8389375
212
16761787
6245
26390
16762807
16714611
16731441
16751077
16750822
16748017
16741386
16744447
16765612
16755922
16729911
16727106
16735266
16743171
16745722
16741386
16718436
16705687
16714611
16730421
16729656
16723026
16710532
16681717
16669476
16698037
16746997
16761532
16750057
16730931
16729146
16752097
16751077
16723281
16698037
16688857
16704412
16726851
16733226
16713846
16702627
16716906
16729146
16721496
16731951
16752607
16741386
16713591
16706452
16725066
16733736
16731186
16742406
16757707
16759747
16751842
16750822
16763572
16771987
16767142
16759237
16759492
16767907
16774537
2165
16776577
16763572
16768927
5735
13895
1910
8389375
212
16741896
16751332
16770712
18995
26645
14405
11345
13130
10070
11345
22820
25625
9560
1910
10325
14405
6245
4460
16955
21290
21800
20525
635
16776322
23585
38376
23075
1655
16775047
14660
33786
38376
38886
40161
46026
31490
16445
14660
27410
34551
24605
19250
30215
50361
73820
68465
22310
16759747
16760002
9815
40161
38376
20780
15170
19250
38376
59031
51126
22820
9305
10580
8795
9050
21545
38631
52146
52401
47046
38121
26900
25115
23075
13640
9305
12875
25625
34296
30725
18740
15425
23075
22310
18230
10835
15680
27410
25880
19505
25625
28940
14915
2165
16773007
16774027
10070
21035
16445
4715
16772497
16774792
7010
3185
16771477
16773772
5225
16445
34551
41946
39141
34551
21290
4970
6245
11600
11345
5225
635
16776322
2420
10835
15680
18995
23585
25370
16445
5990
5225
11345
19505
25370
28940
32000
27410
16445
14660
25625
34551
33021
26390
16700
17465
23075
22565
26135
23075
11600
10325
20780
31745
38376
34806
31745
34041
31745
27410
26390
33276
41181
34806
26390
27665
30470
34551
31490
22310
18230
23075
25370
17720
6245
2930
4205
4205
8285
17210
19760
14660
10835
18995
28685
27665
23585
14660
12365
20525
28940
29195
22565
19250
22310
31490
38121
33531
27410
24860
21545
17465
13385
15170
18740
18995
15425
11090
9305
9305
13130
19505
25370
22055
12365
10325
15425
18485
15425
13130
14915
21290
23330
18995
16445
15170
15680
22055
25370
19505
13130
15170
13895
7010
6755
7520
890
16771732
16771477
2420
16445
25625
26390
25370
30725
36081
40161
41181
43221
45771
45261
50361
51381
48321
47556
51891
53931
47556
39141
42966
51381
47301
31745
35826
49341
47046
35571
26645
25115
30470
32000
23585
15170
14660
15680
15170
7010
16777087
16771222
16770202
16768417
16765867
16764847
16766377
16766377
16763317
16761787
16763827
16765867
16766632
16771222
16775812
16776322
16775302
16770712
16769692
16773007
16774537
16772497
16774537
890
1400
635
4205
7265
4205
16776322
16776577
1145
1910
1400
890
16777087
16776832
16776067
16770457
16764082
16764082
16764847
16767397
16775047
5735
9815
6500
890
2165
9815
12620
14915
16700
14150
13385
7520
1400
1145
5480
6500
3440
7010
16445
18740
14660
9815
8540
3185
16777087
1145
4460
11345
15425
15425
14405
11345
7010
5990
5480
16777087
16767397
16764847
16770202
16775047
16775047
16767907
16760767
16763572
16772752
2930
5735
7265
10835
12620
13895
12620
14150
18230
17210
15425
19250
25880
24860
17465
21545
35061
37866
26900
18995
22055
23330
16955
5735
16776322
16775557
343214
2165
4715
2165
2930
7265
9305
5990
890
16774282
16774282
16774282
16770967
16767142
16764337
16764847
16768927
16772752
16770457
16764337
16764082
16770967
16774027
16767907
16763317
16766887
16768162
16770202
16774792
16775812
16775557
16775302
16775302
16774027
16770967
16768417
16769692
16775302
4970
5990
4970
2930
16776577
16776067
4715
9560
