86.33
58.09
66.86
95.66
3.1
50.39
36.07
52.55
97.65
-28.36
106.43
284.82
484.4
-348.22
491.08
203.73
52.97
-16.9
-627.53
380.67
-895.97
960.22
-650.27
-582.98
1005.19
-609.21
328.27
220.15
-861.26
509.12
-50.63
-94.71
-358.69
207.55
632.72
-477.67
116.74
26.8
-703.54
-139.2
267.04
37.13
-86.93
426.19
-3.61
119.85
66.88
-118.63
-59.6
141.83
226.74
27.44
41.39
57.38
-176.37
420.55
8.79
116.39
258.97
-220.01
7.5
101.8
270.71
143.04
-130.33
-61.97
157.04
91.55
-25.55
80.39
-48.06
145.9
115.32
11.29
-174.12
362.9
-275.98
447.35
-62.39
122.62
-218.68
100.15
409.11
-40.54
129.5
-16.13
7.66
149.51
-67.39
267.0
247.05
-56.76
131.36
-75.86
147.66
-128.14
129.73
42.81
246.6
12.03
-133.31
151.44
55.56
182.76
-113.25
127.66
85.24
-82.88
15.69
296.29
12.91
-90.67
245.42
25.11
-223.73
-73.48
-157.87
211.14
40.83
115.76
-188.78
27.01
253.88
86.53
216.91
-291.97
338.53
103.59
186.64
49.4
-25.61
87.45
13.23
178.49
132.48
-50.49
-651.92
136.18
5.08
-664.85
305.3
-519.69
213.69
847.48
-948.87
-248.04
684.21
-165.04
-140.12
198.85
-489.82
-183.47
82.96
965.45
-639.86
-23.09
-198.25
-385.93
647.23
42.1
-423.77
237.23
720.53
-766.96
-77.98
533.48
492.69
-779.61
712.75
-929.21
16.24
-596.42
-517.41
846.14
235.26
53.38
49.56
49.48
49.9
50.04
49.61
-562.76
778.7
-49.56
145.52
-714.73
-144.91
45.41
367.64
-306.03
728.03
64.07
50.04
46.75
381.31
244.23
-859.26
-161.97
915.29
-736.35
949.09
149.11
51.48
49.3
49.59
50.04
50.15
51.68
-22.6
-317.62
40.18
-425.29
-336.25
-548.19
-6.88
106.67
403.71
-285.13
31.76
221.74
174.05
-134.57
848.9
166.28
55.13
-493.2
37.81
206.81
-2.81
191.25
198.97
30.41
186.02
-199.74
151.02
128.16
-64.1
-67.36
442.22
-59.2
-43.76
170.85
24.44
73.07
95.61
-62.15
53.48
57.17
395.79
-884.0
-20.11
985.54
-846.23
20.19
802.7
127.77
-55.17
45.73
220.35
52.77
-911.2
-68.82
-187.88
44.16
50.06
50.16
50.31
313.56
109.16
37.39
183.72
51.59
109.77
506.43
-272.15
-151.35
425.96
118.66
72.74
12.13
115.21
58.92
53.79
117.22
-32.2
23.95
83.76
146.26
-74.76
111.48
225.35
6.09
-28.7
10.42
193.63
170.0
-410.37
72.03
251.53
100.88
68.61
54.09
37.25
87.69
72.12
9.48
-139.42
24.81
205.98
31.08
113.18
58.34
59.6
51.97
15.6
79.6
124.48
71.22
-2.88
-3.15
89.06
57.64
-1.52
43.45
141.27
-11.56
49.7
61.97
38.44
174.67
-43.12
151.04
47.81
-109.94
161.44
40.36
75.29
35.58
83.25
2.48
69.13
99.96
-34.54
171.99
22.84
2.0
85.75
32.14
-76.68
275.53
93.6
125.94
-108.11
1.21
65.83
68.29
306.34
-63.71
-12.56
-43.76
-55.81
143.43
113.35
21.37
79.76
-34.61
85.82
-43.26
53.54
18.62
233.01
145.52
-176.15
245.91
-37.08
300.59
-500.73
421.64
167.2
53.27
-403.01
111.8
152.67
242.75
106.61
-398.56
235.12
145.22
174.31
125.37
-183.76
44.27
110.09
108.41
216.59
-41.51
-54.13
104.19
-16.05
228.14
-253.18
409.68
-121.36
-43.53
128.66
-27.87
74.39
53.49
81.07
77.18
41.69
125.33
-45.54
19.71
197.19
-20.69
97.37
108.79
-42.7
30.49
2.42
89.77
114.77
-68.49
94.67
57.85
176.24
-33.06
-143.72
265.47
47.51
90.55
54.74
65.14
-92.42
112.16
54.21
65.2
145.38
43.77
-6.8
10.54
64.23
33.87
80.13
108.25
6.92
42.74
113.92
295.73
-248.5
-43.32
236.36
-43.24
146.23
3.3
-47.61
39.2
36.76
-3.91
200.15
73.83
-6.01
218.94
63.98
-58.94
-35.32
79.92
-43.67
238.11
-18.85
57.16
84.6
68.57
33.96
41.84
81.34
10.22
139.95
110.19
-23.65
51.92
108.56
-102.62
58.31
72.03
216.94
-16.63
-150.03
185.47
-173.55
24.53
260.31
388.81
-8.82
36.54
138.75
-386.51
42.7
355.75
308.7
-29.33
-45.77
-184.9
41.57
140.81
-16.2
-43.29
103.15
110.21
-318.29
966.26
-236.26
57.32
-122.49
129.05
-79.38
52.06
-67.08
239.78
45.86
75.75
-158.1
458.3
33.93
53.67
82.27
-27.15
57.62
-10.52
174.79
-39.81
8.75
92.27
109.95
5.49
90.57
-69.67
276.27
-116.66
99.6
26.63
173.01
-90.82
237.31
-121.64
186.28
5.52
6.66
112.65
-0.37
10.69
182.85
-33.02
60.53
-13.3
131.66
13.65
35.53
44.69
123.2
8.47
19.58
43.29
151.85
132.06
-114.77
64.39
-74.38
371.86
8.02
-22.5
-28.75
113.43
33.63
92.21
11.4
49.07
116.59
-12.2
74.08
-28.48
157.4
19.06
59.3
93.27
50.91
29.98
-0.36
78.76
101.78
96.02
-15.5
75.56
43.8
60.8
14.73
104.66
30.0
39.91
77.26
37.06
116.9
33.88
4.48
70.6
40.38
174.3
-191.95
107.92
116.91
127.39
55.71
-76.46
81.18
76.49
104.18
59.63
18.0
31.13
28.85
137.88
28.88
-8.52
122.74
50.8
79.47
-44.76
-7.42
252.95
-125.83
84.13
146.32
24.39
46.71
52.14
64.09
52.01
32.74
37.53
123.86
61.07
45.81
-58.45
178.97
275.23
-43.06
258.66
-47.03
199.22
144.67
53.99
-915.24
858.81
-495.88
-186.71
48.37
102.5
83.39
61.36
192.87
17.97
77.49
76.42
81.58
99.52
-14.29
52.75
92.96
57.94
53.12
78.74
39.64
60.69
28.1
186.83
-102.25
31.22
74.04
40.94
31.22
133.94
47.3
74.0
67.73
40.86
45.42
2.19
102.12
-5.87
94.4
53.77
92.47
12.34
47.51
45.43
87.59
3.63
68.94
78.01
7.27
69.99
82.77
57.2
-2.6
73.14
128.19
168.94
206.45
164.6
-679.67
-152.74
507.45
149.86
45.86
-25.57
-52.24
-233.6
811.6
-93.97
-87.04
95.63
-115.53
113.39
56.37
40.27
53.85
31.02
73.61
39.0
55.61
63.99
207.54
-70.32
51.62
7.24
102.26
-13.45
108.58
85.24
159.93
-128.56
67.88
88.15
51.05
33.3
54.85
62.72
100.15
95.27
-513.43
-286.61
651.89
449.98
524.27
-171.74
614.78
61.32
-685.34
-377.29
40.07
574.43
693.72
-466.25
321.27
-682.66
195.83
-316.98
-311.78
364.97
