584.8
654.5
644.1
503.6
330.4
221.4
89.6
31.7
39.3
258.1
257.6
193.5
56.0
20.4
-35.5
-194.4
-311.7
-383.2
-404.8
-270.1
-32.4
-51.8
188.5
408.2
700.1
289.0
-420.2
-365.3
-119.3
-101.0
-259.6
-320.3
-98.4
-20.3
205.0
228.4
274.5
339.6
456.3
339.4
357.1
414.9
281.0
101.6
8.1
259.9
340.9
167.6
40.9
70.6
-56.5
-121.2
-342.6
-738.7
-1050.1
-1085.1
-819.1
-378.6
14.9
340.7
583.5
797.8
874.8
804.8
761.9
661.4
557.1
465.5
360.8
213.3
39.9
-144.9
-277.1
-431.6
-669.4
-866.6
-991.1
-1046.1
-704.6
162.2
726.0
454.8
456.2
471.5
214.4
-134.5
-255.6
-405.1
-165.9
-46.2
100.5
302.5
182.9
76.8
34.5
129.3
145.6
147.3
126.0
165.1
225.8
193.8
91.8
38.9
-55.8
-53.3
50.1
99.9
27.3
82.8
323.1
532.4
160.7
-363.3
-275.5
87.8
447.2
564.4
528.0
397.3
219.8
42.4
-197.5
-359.4
-277.3
-166.5
-81.8
-3.7
-16.8
-123.5
-119.2
-5.1
107.1
5.6
-153.6
-179.6
-121.9
14.5
85.9
180.1
438.0
331.8
105.2
-172.5
-285.5
-238.8
-40.3
95.4
254.0
382.6
372.3
275.2
142.7
-28.1
-45.1
-59.0
-16.0
58.9
183.2
287.0
257.5
231.7
150.5
68.0
11.2
41.4
51.9
83.9
-3.4
-67.7
-31.2
-65.0
-105.2
-68.5
1.3
-70.0
-37.2
-12.2
13.0
83.7
125.2
120.2
133.8
104.6
82.4
128.4
8.4
51.5
105.2
96.5
76.0
47.8
41.5
62.3
70.2
111.0
140.5
98.7
172.4
139.7
95.4
-70.4
-48.0
-19.8
-6.1
25.2
2.4
25.8
85.0
63.5
323.2
348.6
228.1
-11.4
-161.0
-218.6
-179.0
-137.4
-44.3
36.2
72.4
98.2
36.7
53.8
45.1
39.6
54.1
19.8
117.1
199.7
385.7
359.4
103.3
-294.4
-392.9
-301.4
-220.1
-120.4
-11.9
16.3
29.5
29.8
8.3
195.9
273.8
267.1
215.0
157.0
82.4
-26.2
-26.4
-20.3
126.9
173.0
199.4
131.6
83.4
77.8
108.6
119.7
95.2
123.6
118.1
201.2
115.5
83.5
25.8
-38.6
-16.2
24.8
3.7
-16.8
8.8
72.5
17.4
-64.6
-17.4
3.5
7.7
53.0
53.2
70.1
23.3
25.1
41.0
37.8
7.4
29.6
139.9
118.4
80.0
109.8
66.4
83.2
80.7
59.0
33.3
-47.8
12.0
32.6
52.6
69.1
47.6
75.4
123.0
86.3
340.3
503.2
499.8
161.1
-18.8
-259.7
-277.5
-342.7
-294.9
-163.9
-117.3
-71.4
-36.1
-320.6
-265.2
-149.9
-494.3
-191.7
75.0
354.7
435.7
435.8
463.1
317.7
59.4
-108.4
-44.0
-6.2
-89.0
-265.6
-156.9
129.7
263.5
196.4
129.8
-424.4
-636.8
218.8
624.3
706.6
451.2
265.4
216.0
111.1
-83.4
-246.9
-200.3
-37.0
-515.1
-16.8
537.9
564.6
498.2
435.5
303.7
230.4
-30.6
-223.4
-61.7
57.4
-2.9
159.1
119.1
162.7
169.0
186.8
128.2
166.2
105.4
106.0
103.2
120.8
85.0
-64.4
-240.2
-182.7
-233.5
-108.9
-20.5
-394.6
-589.9
-425.2
-325.5
191.2
297.5
367.7
678.8
567.0
693.8
399.3
205.0
49.4
-190.8
-144.4
-198.1
-16.9
107.5
-229.4
-309.9
63.3
358.8
396.8
374.4
360.3
356.3
192.8
89.0
-82.1
-16.5
-6.6
79.3
35.1
145.4
97.6
123.7
48.0
49.0
67.5
107.6
-58.5
-203.7
-514.8
-844.7
-951.9
-931.4
-608.2
-430.5
-157.1
178.4
471.3
541.1
289.1
-1.1
260.6
539.4
633.1
552.3
525.0
457.6
368.6
435.2
418.6
389.8
288.9
232.7
106.1
70.2
-87.1
-254.0
-164.5
-109.7
-49.3
-40.9
-78.1
-224.0
-870.5
-1332.8
-1305.0
-849.1
-432.3
99.5
865.5
994.0
853.1
568.7
160.2
98.3
405.4
690.9
933.1
1140.7
841.4
587.0
292.2
152.5
-36.2
-140.4
-139.8
-201.7
-109.4
37.9
123.5
170.4
120.4
78.7
72.8
68.5
22.0
30.6
-55.8
-81.7
-78.6
-58.0
-32.7
-5.0
-11.9
-16.1
-85.4
-56.4
-1.6
1.4
0.7
-60.5
-58.3
-36.5
-57.7
-158.4
-311.1
-358.7
-305.0
-111.7
199.4
332.5
307.5
7.1
-70.7
226.5
320.6
324.0
272.6
217.3
165.3
139.1
87.8
-55.2
-122.2
-342.5
-391.4
-69.7
75.7
83.4
-238.8
-180.6
86.7
301.5
323.6
157.0
217.4
299.2
302.0
168.6
-5.5
48.4
102.8
-132.3
-280.6
77.3
152.6
180.4
207.2
178.9
145.4
91.6
104.5
104.5
91.4
-23.9
-24.2
52.4
76.6
121.8
132.2
85.5
71.9
38.9
39.3
0.1
-0.1
-8.3
-0.6
42.4
15.8
-8.0
11.5
75.2
77.4
161.5
100.9
42.6
-1.3
1.1
-40.4
-24.6
-3.4
-48.7
-26.8
20.3
79.1
63.1
73.9
109.1
259.3
46.0
96.3
130.5
44.5
25.4
117.0
391.9
345.9
376.1
642.2
-766.0
-2048.0
-1984.4
-1436.1
-949.4
-637.7
-390.1
516.3
1586.7
1056.4
1170.7
328.9
-239.9
-865.6
-1077.6
-691.8
-90.3
523.7
397.5
443.3
324.9
174.5
407.0
603.9
886.3
1140.4
1056.9
967.5
679.9
551.7
187.3
197.2
95.9
231.3
205.0
231.0
476.8
330.4
61.3
54.7
-167.3
193.9
-11.8
-396.3
-565.9
-1510.1
-1950.3
-1380.2
-1054.5
-342.0
1274.0
1437.0
1613.0
1538.5
1566.2
1302.2
1032.4
796.1
626.2
422.2
309.5
136.9
88.9
-85.6
3.5
-19.2
-21.6
-172.5
-135.5
-298.6
-390.1
-137.4
-215.1
152.0
-139.7
-3.9
305.2
36.5
408.7
157.9
-475.4
-1024.4
-1050.9
-907.1
-188.2
-183.5
825.2
627.4
409.0
325.6
110.6
15.8
-252.1
11.6
341.4
-13.3
-31.8
163.8
-424.4
-281.4
251.8
47.5
337.9
420.1
123.5
304.2
-68.8
47.1
385.3
342.9
282.3
-74.6
-187.4
-166.5
-210.9
-346.6
-329.8
-147.1
-89.5
-11.9
294.3
-57.1
331.8
524.0
795.6
362.9
-334.6
-511.3
-461.0
-449.2
-396.0
-25.0
210.4
429.2
401.1
69.8
-134.3
-796.3
-618.0
-364.2
335.8
26.8
183.9
581.9
508.3
559.3
272.8
128.7
8.7
138.7
173.6
667.7
313.8
278.8
334.8
207.1
58.8
-19.2
-384.9
179.1
-174.1
-37.7
152.6
-9.8
149.5
-107.2
125.3
-248.4
-12.2
-254.6
-11.5
-196.3
-213.5
114.3
107.0
132.5
140.8
-64.6
237.7
60.9
79.4
-28.4
42.5
60.4
63.0
-12.4
77.9
66.0
85.2
119.4
140.1
49.7
168.1
-9.6
71.5
35.8
-96.3
92.3
20.4
25.1
-71.4
37.3
-36.6
96.7
84.0
38.3
54.1
-5.7
204.9
61.0
56.8
8.0
-81.7
-202.2
-110.2
-137.0
-123.6
-1.3
167.7
160.0
177.5
204.1
241.0
305.4
230.6
219.4
176.6
105.6
64.4
29.7
18.3
-44.7
-30.7
-24.3
-109.3
-53.9
-97.1
-115.4
12.5
40.2
-33.5
-48.3
32.8
87.0
101.3
103.0
56.1
-0.2
-19.8
-130.4
-14.7
43.6
-244.3
-1375.8
-1006.2
-425.4
227.3
596.0
714.3
707.5
657.6
559.7
411.3
376.5
353.3
257.4
184.5
26.2
-125.8
-318.5
-789.0
-1098.1
-876.3
-486.9
-196.6
233.0
347.7
398.6
345.0
252.2
287.8
-110.3
-303.0
-355.0
-66.2
-117.5
244.8
376.8
619.9
727.4
681.3
562.8
304.8
113.6
115.1
189.0
178.7
226.0
210.0
160.6
107.9
123.7
49.7
-7.8
-135.3
-234.3
-307.6
-233.6
-219.8
-345.8
-154.3
410.0
735.4
750.6
438.0
120.1
-97.8
-194.2
-206.3
-268.1
-193.2
-65.4
71.0
123.7
160.8
149.3
198.8
199.1
157.8
123.2
105.4
139.8
94.4
39.8
-24.1
9.2
92.2
115.2
83.1
104.1
49.0
51.9
58.3
57.1
16.6
-59.4
-3.0
-7.0
-28.4
96.9
62.7
65.6
76.0
130.3
53.1
-44.8
-51.2
16.6
11.5
18.9
-53.4
-65.7
-63.5
21.0
46.2
-22.9
-22.6
0.1
25.1
81.2
109.8
167.0
81.8
103.6
60.7
100.5
249.8
201.8
139.2
31.1
9.6
-92.2
-82.5
11.2
-75.8
-98.1
-158.0
-186.1
131.4
294.8
264.5
7.0
-31.7
3.1
-44.5
