68.5
99.2
100.2
78.1
86.8
122.5
109.0
73.2
77.9
78.4
97.5
92.2
28.0
-235.6
-330.2
-319.0
-292.4
-219.4
-144.5
-128.2
-34.6
101.3
201.6
262.1
211.5
173.3
142.2
163.5
162.4
152.2
142.9
143.2
217.6
226.8
-94.7
116.6
197.7
171.4
77.8
6.0
-88.6
-103.5
-48.3
-9.0
58.9
108.1
182.8
208.9
143.0
156.4
114.1
111.5
98.6
49.3
-32.3
36.1
41.9
82.4
94.3
191.1
169.8
200.3
125.6
60.8
94.8
57.2
0.8
38.2
6.8
5.9
-7.4
-9.3
66.7
45.5
56.6
123.3
81.0
76.1
44.8
66.4
9.9
29.4
70.6
63.7
84.4
72.3
-13.5
10.5
5.0
55.0
63.4
61.9
16.5
31.3
43.7
23.2
26.2
43.8
-108.8
-77.4
2.5
-15.2
-34.6
4.8
42.4
13.1
31.2
-32.4
-20.3
21.1
117.9
93.9
164.2
74.0
52.7
40.3
69.0
64.3
101.7
93.4
160.1
126.7
119.9
130.1
74.1
121.8
93.5
88.8
14.2
90.8
73.4
82.0
61.7
61.9
48.9
-20.2
36.4
31.1
68.3
48.4
147.5
118.4
113.0
8.8
9.0
76.0
68.6
41.7
-0.1
20.0
12.4
9.4
32.1
-12.6
26.4
13.6
50.5
68.2
86.5
84.3
61.1
62.3
71.2
85.2
95.8
136.5
89.9
68.7
65.0
23.3
67.2
12.2
17.3
29.5
20.8
154.7
-30.3
238.8
13.3
-12.6
-53.7
-83.6
-36.4
6.8
1.9
55.9
77.0
117.6
116.6
92.6
74.0
16.8
23.9
84.0
37.9
57.2
50.0
55.7
76.1
42.1
27.1
42.5
21.8
38.5
44.1
43.8
97.6
66.7
113.8
59.8
60.0
62.8
70.1
60.1
46.7
55.5
52.8
8.7
29.5
43.6
40.4
24.1
88.0
73.3
48.3
16.2
34.1
40.2
71.9
49.2
50.3
64.0
77.7
-49.0
-65.0
-38.0
-2.9
22.5
27.7
37.9
46.4
85.3
28.1
109.4
71.2
49.0
109.6
129.5
104.1
109.0
72.8
82.5
58.1
73.4
93.7
107.2
89.4
71.3
94.5
45.5
59.3
-11.1
65.8
30.8
86.7
22.1
44.1
19.0
36.8
20.3
25.3
76.1
54.5
50.4
106.1
82.5
18.6
4.8
31.6
29.0
46.6
57.6
8.8
84.7
80.6
69.5
54.2
31.8
81.5
53.9
76.1
73.1
18.9
2.2
-6.3
116.7
81.5
55.1
22.9
5.4
39.5
38.0
8.3
-23.2
2.5
49.7
23.5
27.3
93.4
95.9
88.5
79.1
80.7
66.0
53.7
36.4
73.6
65.6
81.7
68.7
49.1
30.6
25.3
27.9
18.6
51.2
68.9
66.2
84.6
82.3
65.0
29.1
-22.2
27.5
72.6
57.4
101.4
93.3
102.9
119.1
59.5
75.9
81.1
56.7
60.7
30.9
33.9
3.8
-53.9
-39.2
13.8
41.5
63.3
51.8
90.6
109.0
88.2
99.9
24.0
9.4
59.0
36.5
72.4
39.0
85.4
122.4
116.4
102.0
177.4
296.2
191.3
88.1
-59.9
-81.9
-109.3
-92.2
-46.6
-32.4
36.2
28.5
-20.3
10.5
10.0
-0.5
30.7
54.4
66.7
62.4
96.3
58.6
40.4
62.6
71.7
99.0
115.7
102.7
84.0
54.7
52.4
74.5
71.4
63.3
92.2
49.3
105.1
61.6
87.8
46.5
55.2
67.0
46.9
77.1
41.2
6.9
55.4
61.0
68.2
21.8
34.6
77.8
52.3
25.9
12.8
12.4
32.1
92.8
47.5
66.8
78.3
31.0
45.5
68.2
44.0
57.1
45.6
28.8
39.1
58.7
43.3
34.0
76.8
78.5
75.0
61.5
79.7
59.6
23.4
7.3
25.8
34.6
79.0
44.5
27.3
40.3
92.2
89.5
43.2
92.0
68.2
63.0
81.9
38.4
27.6
25.4
24.7
44.6
48.4
14.6
37.1
40.0
63.1
63.6
57.6
53.5
55.4
61.6
45.5
34.1
44.6
45.2
18.9
-0.8
41.6
88.7
79.9
66.8
60.4
61.9
62.5
35.5
27.6
68.8
48.2
90.4
82.4
26.2
50.1
37.3
8.7
38.0
60.9
66.6
56.4
76.0
52.7
43.8
10.9
26.5
50.1
33.3
44.6
63.5
82.1
98.4
88.4
117.9
82.8
70.8
34.0
5.0
-19.9
-15.2
9.7
43.3
80.9
111.3
120.9
88.3
115.6
87.6
50.4
26.6
33.4
59.6
84.6
77.4
50.9
75.7
29.3
15.1
39.0
42.0
49.5
54.2
-6.9
-15.7
33.2
59.7
64.6
43.9
55.8
48.3
37.5
18.2
28.4
77.5
92.1
92.6
61.1
61.2
44.7
50.1
34.9
33.3
62.5
40.1
141.8
309.2
355.5
250.9
67.8
-137.0
-197.1
-199.8
-177.9
-66.2
-12.3
20.5
39.0
51.7
83.8
61.1
32.5
48.6
34.3
48.7
37.4
58.1
62.8
67.9
61.2
96.4
124.5
122.0
117.1
86.6
83.2
79.5
31.1
16.6
-18.4
44.0
41.6
4.3
11.7
31.1
45.6
49.5
51.9
86.2
90.0
83.5
80.7
105.5
27.5
67.0
7.8
33.1
106.3
53.2
10.6
-20.9
-68.7
156.5
244.2
97.3
71.7
82.0
85.7
85.3
106.3
29.8
-18.4
138.0
93.4
31.6
23.5
52.9
39.6
28.6
44.9
51.2
19.5
39.6
30.1
204.7
193.4
101.1
24.1
-36.9
-39.2
-54.4
-6.9
33.5
1.6
106.7
81.7
46.8
91.1
83.9
67.3
46.6
100.3
9.7
18.5
44.9
-40.2
41.1
30.4
37.2
41.3
65.4
49.0
73.5
-21.4
-41.4
-16.0
80.0
97.4
102.1
159.0
52.5
119.0
115.7
130.8
123.1
169.7
21.5
186.8
10.5
40.6
190.8
188.2
161.5
125.4
77.0
206.6
345.0
558.2
837.3
804.2
662.8
480.2
318.5
175.1
1.5
-211.6
-546.5
-663.2
-742.8
-834.0
-791.1
-726.7
-556.4
-491.0
-389.6
-229.4
-103.0
-27.3
8.9
28.5
83.4
66.0
38.7
18.2
7.2
61.0
94.1
127.6
128.4
191.5
172.3
165.5
189.9
161.5
152.8
190.8
162.8
147.8
83.1
37.1
75.4
2.1
55.7
23.2
78.7
77.9
119.3
121.7
164.5
143.4
134.4
144.5
153.5
136.5
93.7
84.5
68.2
75.3
116.6
91.7
64.2
73.5
107.4
30.7
39.2
31.1
15.4
52.0
53.3
36.6
82.0
69.3
42.2
34.0
22.2
28.6
13.0
33.8
56.9
20.2
77.7
67.3
43.6
71.9
154.6
123.9
105.2
66.2
80.9
104.9
47.1
-9.1
54.7
20.6
22.8
-88.3
-55.1
92.7
121.8
106.0
157.5
135.2
143.3
83.3
36.6
-15.1
-88.3
-38.6
-57.0
20.5
46.4
99.3
108.0
157.6
150.1
116.1
93.3
49.8
63.7
9.7
34.2
35.6
46.9
36.0
29.3
71.0
10.0
31.3
50.7
61.4
97.7
124.4
190.0
95.3
-8.6
-22.4
6.4
-9.5
4.3
42.1
67.8
97.4
88.8
108.0
172.1
144.6
128.0
-10.5
-74.4
-70.6
-50.5
24.8
-9.2
79.8
122.5
93.0
47.8
-38.3
-10.9
82.5
130.8
156.0
152.6
140.3
104.9
31.4
28.5
-2.0
69.9
44.8
109.6
70.1
58.6
-5.7
51.6
72.1
45.0
68.3
57.1
19.5
100.9
32.2
49.2
32.8
81.5
61.8
56.6
74.0
40.8
72.0
-5.4
-26.2
-34.2
-99.4
-63.8
-17.9
-6.5
9.9
33.0
105.4
125.7
101.5
113.2
89.0
75.8
63.0
83.5
93.9
93.0
76.2
95.1
69.8
100.2
100.7
70.3
63.1
24.6
48.3
56.8
40.2
50.7
33.3
30.1
28.9
32.4
5.5
46.2
-0.3
33.4
45.2
43.1
12.7
48.0
85.4
92.0
61.0
59.3
60.8
51.7
38.2
43.7
40.4
32.2
24.2
74.8
56.3
41.7
65.8
16.0
27.3
33.5
73.7
59.2
105.8
83.2
77.1
42.0
28.2
41.8
85.7
69.8
80.5
64.5
75.9
66.7
83.2
61.4
56.9
48.0
52.6
69.0
82.3
69.2
51.9
44.6
28.0
41.5
51.4
71.0
17.9
27.2
20.6
17.1
27.0
15.2
37.3
67.5
96.5
58.7
24.4
39.9
82.8
55.9
119.7
26.1
23.6
5.1
49.9
42.9
77.5
82.4
104.2
100.9
50.5
34.4
43.0
28.2
54.5
9.1
34.5
52.0
46.8
26.3
45.6
22.3
97.2
77.8
66.0
72.4
82.1
25.4
8.0
12.7
17.9
15.4
49.4
37.2
65.6
70.0
46.1
50.7
51.8
76.1
72.0
82.0
92.0
76.1
43.4
32.9
56.5
56.0
28.9
32.1
26.0
72.8
55.8
61.2
60.4
30.6
51.8
51.7
31.7
26.2
70.7
54.0
59.6
61.4
21.7
53.9
10.2
58.2
30.7
48.4
42.0
55.9
90.2
101.5
76.3
30.7
63.3
59.8
64.6
37.5
27.6
37.4
43.7
65.9
64.3
42.3
48.8
81.4
69.8
54.4
98.6
78.2
45.5
27.5
45.5
27.1
72.7
58.6
62.7
75.2
134.9
228.4
237.8
191.1
27.7
-181.9
-206.0
-128.0
-64.1
10.7
42.5
45.6
-16.0
-46.2
61.3
22.5
104.4
51.0
90.6
76.5
-39.4
83.5
161.7
201.7
193.3
159.5
124.4
95.3
95.1
95.2
89.8
61.6
42.4
38.8
20.9
7.2
15.5
-15.6
-2.7
11.2
56.9
68.5
64.0
88.5
58.6
16.9
19.8
20.2
24.2
62.4
70.7
40.6
59.1
104.6
75.1
66.6
54.2
68.2
19.6
33.3
